[2024-01-15T14:23:45.123456Z] kern: [123456.789012] EXT4-fs (sda1): mounted filesystem with ordered data mode. Opts: (null)
[2024-01-15T14:23:46.234567Z] kern: [123456.790123] systemd[1]: Starting Journal Service...
[2024-01-15T14:23:47.345678Z] kern: [123456.791234] IPv6: ADDRCONF(NETDEV_UP): eth0: link is not ready
[2024-01-15T14:23:48.456789Z] kern: [123456.792345] e1000: eth0 NIC Link is Up 1000 Mbps Full Duplex, Flow Control: RX/TX
[2024-01-15T14:23:49.567890Z] kern: [123456.793456] IPv6: ADDRCONF(NETDEV_CHANGE): eth0: link becomes ready
[2024-01-15T14:23:50.678901Z] kern: [123456.794567] audit: type=1400 audit(1705335820.123:45): apparmor="ALLOWED" operation="open" profile="/usr/sbin/sshd" name="/etc/ssh/sshd_config" pid=1234 comm="sshd" requested_mask="r" denied_mask="r" fsuid=0 ouid=0
[2024-01-15T14:23:51.789012Z] kern: [123456.795678] systemd[1]: Started Journal Service.
[2024-01-15T14:23:52.890123Z] kern: [123456.796789] sshd[1234]: Server listening on 0.0.0.0 port 22.
[2024-01-15T14:23:53.901234Z] kern: [123456.797890] sshd[1234]: Server listening on :: port 22.
[2024-01-15T14:23:54.012345Z] kern: [123456.798901] systemd[1]: Starting OpenSSH server daemon...
[2024-01-15T14:23:55.123456Z] kern: [123456.799012] systemd[1]: Started OpenSSH server daemon.
[2024-01-15T14:23:56.234567Z] kern: [123456.800123] cron[5678]: (root) CMD (cd / && run-parts --report /etc/cron.hourly)
[2024-01-15T14:23:57.345678Z] kern: [123456.801234] systemd[1]: Starting Cleanup of Temporary Directories...
[2024-01-15T14:23:58.456789Z] kern: [123456.802345] systemd[1]: Started Cleanup of Temporary Directories.
[2024-01-15T14:23:59.567890Z] kern: [123456.803456] kernel: [UFW BLOCK] IN=eth0 OUT= MAC=00:1a:2b:3c:4d:5e:6f:7a:8b:9c:0d:1e:2f SRC=192.168.1.100 DST=10.0.0.5 LEN=60 TOS=0x00 PREC=0x00 TTL=64 ID=54321 DF PROTO=TCP SPT=443 DPT=80 WINDOW=29200 RES=0x00 SYN URGP=0
[2024-01-15T14:24:00.678901Z] kern: [123456.804567] systemd[1]: Starting Daily apt download activities...
[2024-01-15T14:24:01.789012Z] kern: [123456.805678] systemd[1]: Started Daily apt download activities.
[2024-01-15T14:24:02.890123Z] kern: [123456.806789] systemd[1]: Starting Daily apt upgrade and clean activities...
[2024-01-15T14:24:03.901234Z] kern: [123456.807890] systemd[1]: Started Daily apt upgrade and clean activities.
[2024-01-15T14:24:04.012345Z] kern: [123456.808901] sudo: pam_unix(sudo:auth): authentication failure; logname=uid=0 euid=0 tty=/dev/pts/0 ruser=root rhost= user=root
[2024-01-15T14:24:05.123456Z] kern: [123456.809012] sudo: pam_unix(sudo:auth): conversation failed
[2024-01-15T14:24:06.234567Z] kern: [123456.810123] sudo: pam_unix(sudo:auth): auth could not identify password for [root]
[2024-01-15T14:24:07.345678Z] kern: [123456.811234] sudo: root : TTY=pts/0 ; PWD=/root ; USER=root ; COMMAND=/bin/rm -rf /var/log/* /var/backups/*