VPN Server Connection Log
Generated: 2023-10-26 04:00:01 UTC
Server: vpn-gateway-03.securecorp.net
Log Retention: 30 Days

---
2023-10-25 23:15:42 EST - CONNECT - Client authenticated successfully. Assigned internal IP: 10.150.45.112. Session ID: S-7F2A9B.
2023-10-25 22:58:11 PST - CONNECT - Client authenticated successfully. Assigned internal IP: 10.150.33.205. Session ID: S-8C1D3E.
2023-10-25 22:30:05 CST - DISCONNECT - Session terminated. Internal IP released: 10.150.22.189. Duration: 04:22:17.
2023-10-25 21:47:33 GMT - CONNECT - Client authenticated successfully. Assigned internal IP: 10.150.45.112. Session ID: S-9E4F5A.
2023-10-25 20:12:18 EST - CONNECT - Client authenticated successfully. Assigned internal IP: 10.150.17.101. Session ID: S-2B6C8D.
2023-10-25 19:05:55 PST - DISCONNECT - Session terminated. Internal IP released: 10.150.33.205. Duration: 01:45:32.
2023-10-25 18:44:02 MST - CONNECT - Client authenticated successfully. Assigned internal IP: 10.150.29.76. Session ID: S-1A9D0F.
2023-10-25 17:30:15 EST - CONNECT - Client authenticated successfully. Assigned internal IP: 10.150.22.189. Session ID: S-5D3E7B.
2023-10-25 16:58:44 CST - DISCONNECT - Session terminated. Internal IP released: 10.150.29.76. Duration: 08:14:38.
2023-10-25 15:22:09 PST - CONNECT - Client authenticated successfully. Assigned internal IP: 10.150.33.205. Session ID: S-3F0C2A.
2023-10-25 14:10:31 EST - CONNECT - Client authenticated successfully. Assigned internal IP: 10.150.8.243. Session ID: S-6B1A4C.
2023-10-25 13:55:20 GMT - DISCONNECT - Session terminated. Internal IP released: 10.150.17.101. Duration: 00:43:02.
2023-10-25 12:45:18 EST - CONNECT - Client authenticated successfully. Assigned internal IP: 10.150.17.101. Session ID: S-0E9F8D.
2023-10-25 11:30:47 CST - CONNECT - Client authenticated successfully. Assigned internal IP: 10.150.29.76. Session ID: S-4C7A2E.
2023-10-25 10:15:12 PST - DISCONNECT - Session terminated. Internal IP released: 10.150.8.243. Duration: 03:55:19.
2023-10-25 09:08:33 EST - CONNECT - Client authenticated successfully. Assigned internal IP: 10.150.8.243. Session ID: S-8F2D1B.
2023-10-25 08:45:00 GMT - CONNECT - Client authenticated successfully. Assigned internal IP: 10.150.45.112. Session ID: S-7A3B6C.
2023-10-25 07:20:18 EST - DISCONNECT - Session terminated. Internal IP released: 10.150.45.112. Duration: 10:32:45.
2023-10-25 06:10:05 PST - CONNECT - Client authenticated successfully. Assigned internal IP: 10.150.45.112. Session ID: S-9D0E4F.
---
Log entries processed: 19.
Note: Timestamps reflect client-reported timezone. Internal IP pool: 10.150.0.0/16.